<?xml version="1.0" encoding="UTF-8"?>
<testsuite xmlns:xsi="http://www.w3.org/2001/XMLSchema-instance" xsi:noNamespaceSchemaLocation="https://maven.apache.org/surefire/maven-surefire-plugin/xsd/surefire-test-report-3.0.xsd" version="3.0" name="com.classified.repository.AdRepositoryTest" time="2.859" tests="17" errors="0" skipped="0" failures="0">
  <properties>
[...]
</properties>
  <testcase name="shouldFindAdById" classname="com.classified.repository.AdRepositoryTest" time="0.108">
    <system-out><![CDATA[
  .   ____          _            __ _ _
 /\\ / ___'_ __ _ _(_)_ __  __ _ \ \ \ \
( ( )\___ | '_ | '_| | '_ \/ _` | \ \ \ \
 \\/  ___)| |_)| | | | | || (_| |  ) ) ) )
  '  |____| .__|_| |_|_| |_\__, | / / / /
 =========|_|==============|___/=/_/_/_/

 :: Spring Boot ::                (v3.4.7)

2026-05-12T13:38:34.157+03:00  INFO 26507 --- [           main] c.c.repository.AdRepositoryTest          : Starting AdRepositoryTest using Java 17.0.14 with PID 26507 (started by polentrampus in /home/polentrampus/my_program_debian/classified/app)
2026-05-12T13:38:34.158+03:00 DEBUG 26507 --- [           main] c.c.repository.AdRepositoryTest          : Running with Spring Boot v3.4.7, Spring v6.2.8
2026-05-12T13:38:34.158+03:00  INFO 26507 --- [           main] c.c.repository.AdRepositoryTest          : The following 1 profile is active: "test"
2026-05-12T13:38:34.739+03:00  INFO 26507 --- [           main] o.hibernate.jpa.internal.util.LogHelper  : HHH000204: Processing PersistenceUnitInfo [name: default]
2026-05-12T13:38:34.760+03:00  INFO 26507 --- [           main] org.hibernate.Version                    : HHH000412: Hibernate ORM core version 6.6.18.Final
2026-05-12T13:38:34.782+03:00  INFO 26507 --- [           main] o.h.c.internal.RegionFactoryInitiator    : HHH000026: Second-level cache disabled
2026-05-12T13:38:34.841+03:00  INFO 26507 --- [           main] o.s.o.j.p.SpringPersistenceUnitInfo      : No LoadTimeWeaver setup: ignoring JPA class transformer
2026-05-12T13:38:34.857+03:00  INFO 26507 --- [           main] com.zaxxer.hikari.HikariDataSource       : HikariPool-1 - Starting...
2026-05-12T13:38:34.956+03:00  INFO 26507 --- [           main] com.zaxxer.hikari.pool.HikariPool        : HikariPool-1 - Added connection conn0: url=jdbc:h2:mem:testdb user=SA
2026-05-12T13:38:34.958+03:00  INFO 26507 --- [           main] com.zaxxer.hikari.HikariDataSource       : HikariPool-1 - Start completed.
2026-05-12T13:38:34.975+03:00  WARN 26507 --- [           main] org.hibernate.orm.deprecation            : HHH90000025: H2Dialect does not need to be specified explicitly using 'hibernate.dialect' (remove the property setting and it will be selected by default)
2026-05-12T13:38:34.994+03:00  INFO 26507 --- [           main] org.hibernate.orm.connections.pooling    : HHH10001005: Database info:
	Database JDBC URL [Connecting through datasource 'HikariDataSource (HikariPool-1)']
	Database driver: undefined/unknown
	Database version: 2.2.224
	Autocommit mode: undefined/unknown
	Isolation level: undefined/unknown
	Minimum pool size: undefined/unknown
	Maximum pool size: undefined/unknown
2026-05-12T13:38:35.623+03:00  INFO 26507 --- [           main] o.h.e.t.j.p.i.JtaPlatformInitiator       : HHH000489: No JTA platform available (set 'hibernate.transaction.jta.platform' to enable JTA platform integration)
Hibernate: 
    drop table if exists ad cascade 
Hibernate: 
    drop table if exists ad_category cascade 
Hibernate: 
    drop table if exists ad_comment cascade 
Hibernate: 
    drop table if exists ad_image cascade 
Hibernate: 
    drop table if exists ad_type cascade 
Hibernate: 
    drop table if exists address cascade 
Hibernate: 
    drop table if exists chat cascade 
Hibernate: 
    drop table if exists chat_participant cascade 
Hibernate: 
    drop table if exists city cascade 
Hibernate: 
    drop table if exists message cascade 
Hibernate: 
    drop table if exists "order" cascade 
Hibernate: 
    drop table if exists product_type cascade 
Hibernate: 
    drop table if exists promotion cascade 
Hibernate: 
    drop table if exists role cascade 
Hibernate: 
    drop table if exists "user" cascade 
Hibernate: 
    drop table if exists user_rating cascade 
Hibernate: 
    create table ad (
        price numeric(10,2) not null,
        quantity integer not null,
        ad_type_id bigint,
        address_id bigint,
        created_at timestamp(6) not null,
        id bigint generated by default as identity,
        seller_id bigint not null,
        updated_at timestamp(6),
        description TEXT,
        title varchar(255) not null,
        status enum ('ACTIVE','BOOKED','SOLD') not null,
        primary key (id)
    )
Hibernate: 
    create table ad_category (
        id bigint generated by default as identity,
        name varchar(255),
        primary key (id)
    )
Hibernate: 
    create table ad_comment (
        rating integer not null,
        created_at timestamp(6) not null,
        id bigint generated by default as identity,
        order_id bigint not null unique,
        content TEXT not null,
        primary key (id)
    )
Hibernate: 
    create table ad_image (
        is_main boolean,
        ad_id bigint not null,
        created_at timestamp(6) not null,
        id bigint generated by default as identity,
        url TEXT not null,
        primary key (id)
    )
Hibernate: 
    create table ad_type (
        category_id bigint not null,
        id bigint generated by default as identity,
        type_id bigint not null,
        primary key (id),
        unique (type_id, category_id)
    )
Hibernate: 
    create table address (
        city_id bigint not null,
        created_at timestamp(6) not null,
        id bigint generated by default as identity,
        user_id bigint,
        primary key (id)
    )
Hibernate: 
    create table chat (
        ad_id bigint,
        created_at timestamp(6) not null,
        id bigint generated by default as identity,
        primary key (id)
    )
Hibernate: 
    create table chat_participant (
        chat_id bigint not null,
        joined_at timestamp(6),
        user_id bigint not null,
        primary key (chat_id, user_id)
    )
Hibernate: 
    create table city (
        id bigint generated by default as identity,
        name varchar(255),
        primary key (id)
    )
Hibernate: 
    create table message (
        chat_id bigint not null,
        created_at timestamp(6) not null,
        id bigint generated by default as identity,
        sender_id bigint not null,
        content varchar(255),
        primary key (id)
    )
Hibernate: 
    create table "order" (
        quantity integer not null,
        total_price numeric(10,2) not null,
        ad_id bigint not null,
        buyer_id bigint not null,
        completed_at timestamp(6),
        created_at timestamp(6) not null,
        id bigint generated by default as identity,
        seller_id bigint not null,
        updated_at timestamp(6),
        status enum ('CANCELLED','COMPLETED','PAID','PENDING','SHIPPED') not null,
        primary key (id)
    )
Hibernate: 
    create table product_type (
        id bigint generated by default as identity,
        name varchar(255),
        primary key (id)
    )
Hibernate: 
    create table promotion (
        is_active boolean not null,
        ad_id bigint not null,
        created_at timestamp(6) not null,
        end_date timestamp(6) not null,
        id bigint generated by default as identity,
        start_date timestamp(6) not null,
        type enum ('HIGHLIGHT','TOP_30_DAYS','TOP_7_DAYS') not null,
        primary key (id)
    )
Hibernate: 
    create table role (
        id bigint generated by default as identity,
        name varchar(100) not null unique,
        primary key (id)
    )
Hibernate: 
    create table "user" (
        deleted boolean not null,
        created_at timestamp(6) not null,
        id bigint generated by default as identity,
        role_id bigint not null,
        updated_at timestamp(6),
        phone varchar(20) unique,
        last_name varchar(50) not null,
        name varchar(50) not null,
        email varchar(200) not null unique,
        password varchar(255) not null,
        primary key (id)
    )
Hibernate: 
    create table user_rating (
        rating numeric(3,2) not null,
        user_id bigint not null,
        primary key (user_id)
    )
Hibernate: 
    alter table if exists ad 
       add constraint FKire9vd5dj9cjb9p32l1jglfny 
       foreign key (ad_type_id) 
       references ad_type
Hibernate: 
    alter table if exists ad 
       add constraint FK3m7h37judh7txqspibuu9uda6 
       foreign key (address_id) 
       references address
Hibernate: 
    alter table if exists ad 
       add constraint FKge5xf6a9lim22uaxi5gg9vfcr 
       foreign key (seller_id) 
       references "user"
Hibernate: 
    alter table if exists ad_comment 
       add constraint FK1xtvwhokd3v1472eeqa66wvof 
       foreign key (order_id) 
       references "order"
Hibernate: 
    alter table if exists ad_image 
       add constraint FK7c3vmaufihouhhht18f7vyq08 
       foreign key (ad_id) 
       references ad
Hibernate: 
    alter table if exists ad_type 
       add constraint FKmomxxeaimljxp03uiq1qx9hna 
       foreign key (category_id) 
       references ad_category
Hibernate: 
    alter table if exists ad_type 
       add constraint FK6wg6iewlqgcmy4wu8ifb6985x 
       foreign key (type_id) 
       references product_type
Hibernate: 
    alter table if exists address 
       add constraint FKpo044ng5x4gynb291cv24vtea 
       foreign key (city_id) 
       references city
Hibernate: 
    alter table if exists address 
       add constraint FKibojxnhlre8lcn6ag9a35epr1 
       foreign key (user_id) 
       references "user"
Hibernate: 
    alter table if exists chat 
       add constraint FKt8mwwhjrjqjiiach94koni3ut 
       foreign key (ad_id) 
       references ad
Hibernate: 
    alter table if exists chat_participant 
       add constraint FKssgnv5c57dk49glk80weberra 
       foreign key (chat_id) 
       references chat
Hibernate: 
    alter table if exists chat_participant 
       add constraint FKcy92948qrx33p6r0042upchlr 
       foreign key (user_id) 
       references "user"
Hibernate: 
    alter table if exists message 
       add constraint FKmejd0ykokrbuekwwgd5a5xt8a 
       foreign key (chat_id) 
       references chat
Hibernate: 
    alter table if exists message 
       add constraint FK49xxdqy6p6kxedwvpjyuvnkf 
       foreign key (sender_id) 
       references "user"
Hibernate: 
    alter table if exists "order" 
       add constraint FKh76xoxmpypijnhk59klgl82va 
       foreign key (ad_id) 
       references ad
Hibernate: 
    alter table if exists "order" 
       add constraint FK7rrttvqj4jgo4g2lbfo0m7hxd 
       foreign key (buyer_id) 
       references "user"
Hibernate: 
    alter table if exists "order" 
       add constraint FKi9gioubt1l238pknuy9dk9pd3 
       foreign key (seller_id) 
       references "user"
Hibernate: 
    alter table if exists promotion 
       add constraint FK5xnr1bqq2nlbce0d3f276d2g 
       foreign key (ad_id) 
       references ad
Hibernate: 
    alter table if exists "user" 
       add constraint FKdl9dqp078pc03g6kdnxmnlqpc 
       foreign key (role_id) 
       references role
Hibernate: 
    alter table if exists user_rating 
       add constraint FKo2k5dgp4x6a7fmwq8cbvmrjy 
       foreign key (user_id) 
       references "user"
2026-05-12T13:38:35.681+03:00  INFO 26507 --- [           main] j.LocalContainerEntityManagerFactoryBean : Initialized JPA EntityManagerFactory for persistence unit 'default'
2026-05-12T13:38:36.072+03:00  INFO 26507 --- [           main] c.c.repository.AdRepositoryTest          : Started AdRepositoryTest in 2.127 seconds (process running for 4.353)
Hibernate: 
    insert 
    into
        role
        (name, id) 
    values
        (?, default)
Hibernate: 
    insert 
    into
        "user"
        (created_at, deleted, email, last_name, name, password, phone, role_id, updated_at, id) 
    values
        (?, ?, ?, ?, ?, ?, ?, ?, ?, default)
Hibernate: 
    insert 
    into
        "user"
        (created_at, deleted, email, last_name, name, password, phone, role_id, updated_at, id) 
    values
        (?, ?, ?, ?, ?, ?, ?, ?, ?, default)
Hibernate: 
    insert 
    into
        user_rating
        (rating, user_id) 
    values
        (?, ?)
Hibernate: 
    insert 
    into
        user_rating
        (rating, user_id) 
    values
        (?, ?)
Hibernate: 
    insert 
    into
        city
        (name, id) 
    values
        (?, default)
Hibernate: 
    insert 
    into
        address
        (city_id, created_at, user_id, id) 
    values
        (?, ?, ?, default)
Hibernate: 
    insert 
    into
        ad
        (ad_type_id, address_id, created_at, description, price, quantity, seller_id, status, title, updated_at, id) 
    values
        (?, ?, ?, ?, ?, ?, ?, ?, ?, ?, default)
Hibernate: 
    insert 
    into
        ad
        (ad_type_id, address_id, created_at, description, price, quantity, seller_id, status, title, updated_at, id) 
    values
        (?, ?, ?, ?, ?, ?, ?, ?, ?, ?, default)
Hibernate: 
    insert 
    into
        ad
        (ad_type_id, address_id, created_at, description, price, quantity, seller_id, status, title, updated_at, id) 
    values
        (?, ?, ?, ?, ?, ?, ?, ?, ?, ?, default)
Hibernate: 
    insert 
    into
        ad
        (ad_type_id, address_id, created_at, description, price, quantity, seller_id, status, title, updated_at, id) 
    values
        (?, ?, ?, ?, ?, ?, ?, ?, ?, ?, default)
2026-05-12T13:38:36.160+03:00  INFO 26507 --- [           main] com.classified.impl.AdRepositoryImpl     : Выполнение операции: findById | Сущность: Ad | Контекст: [id=1]
Hibernate: 
    select
        a1_0.id,
        a1_0.ad_type_id,
        a1_0.address_id,
        a1_0.created_at,
        a1_0.description,
        a1_0.price,
        a1_0.quantity,
        a1_0.seller_id,
        a1_0.status,
        a1_0.title,
        a1_0.updated_at 
    from
        ad a1_0 
    where
        a1_0.id=?
2026-05-12T13:38:36.177+03:00  INFO 26507 --- [           main] com.classified.impl.AdRepositoryImpl     : Операция findById успешно выполнена. Сущность: Ad | Результат: present
]]></system-out>
  </testcase>
  <testcase name="shouldSaveAd" classname="com.classified.repository.AdRepositoryTest" time="0.013">
    <system-out><![CDATA[Hibernate: 
    insert 
    into
        role
        (name, id) 
    values
        (?, default)
Hibernate: 
    insert 
    into
        "user"
        (created_at, deleted, email, last_name, name, password, phone, role_id, updated_at, id) 
    values
        (?, ?, ?, ?, ?, ?, ?, ?, ?, default)
Hibernate: 
    insert 
    into
        "user"
        (created_at, deleted, email, last_name, name, password, phone, role_id, updated_at, id) 
    values
        (?, ?, ?, ?, ?, ?, ?, ?, ?, default)
Hibernate: 
    insert 
    into
        user_rating
        (rating, user_id) 
    values
        (?, ?)
Hibernate: 
    insert 
    into
        user_rating
        (rating, user_id) 
    values
        (?, ?)
Hibernate: 
    insert 
    into
        city
        (name, id) 
    values
        (?, default)
Hibernate: 
    insert 
    into
        address
        (city_id, created_at, user_id, id) 
    values
        (?, ?, ?, default)
Hibernate: 
    insert 
    into
        ad
        (ad_type_id, address_id, created_at, description, price, quantity, seller_id, status, title, updated_at, id) 
    values
        (?, ?, ?, ?, ?, ?, ?, ?, ?, ?, default)
Hibernate: 
    insert 
    into
        ad
        (ad_type_id, address_id, created_at, description, price, quantity, seller_id, status, title, updated_at, id) 
    values
        (?, ?, ?, ?, ?, ?, ?, ?, ?, ?, default)
Hibernate: 
    insert 
    into
        ad
        (ad_type_id, address_id, created_at, description, price, quantity, seller_id, status, title, updated_at, id) 
    values
        (?, ?, ?, ?, ?, ?, ?, ?, ?, ?, default)
Hibernate: 
    insert 
    into
        ad
        (ad_type_id, address_id, created_at, description, price, quantity, seller_id, status, title, updated_at, id) 
    values
        (?, ?, ?, ?, ?, ?, ?, ?, ?, ?, default)
2026-05-12T13:38:36.193+03:00  INFO 26507 --- [           main] com.classified.impl.AdRepositoryImpl     : Выполнение операции: save | Сущность: Ad | Контекст: [entity=com.classified.entity.Ad@5aaecd25]
Hibernate: 
    insert 
    into
        ad
        (ad_type_id, address_id, created_at, description, price, quantity, seller_id, status, title, updated_at, id) 
    values
        (?, ?, ?, ?, ?, ?, ?, ?, ?, ?, default)
2026-05-12T13:38:36.194+03:00  INFO 26507 --- [           main] com.classified.impl.AdRepositoryImpl     : Операция save успешно выполнена. Сущность: Ad | Результат: Ad
2026-05-12T13:38:36.194+03:00  INFO 26507 --- [           main] com.classified.impl.AdRepositoryImpl     : Выполнение операции: findById | Сущность: Ad | Контекст: [id=9]
Hibernate: 
    select
        a1_0.id,
        a1_0.ad_type_id,
        a1_0.address_id,
        a1_0.created_at,
        a1_0.description,
        a1_0.price,
        a1_0.quantity,
        a1_0.seller_id,
        a1_0.status,
        a1_0.title,
        a1_0.updated_at 
    from
        ad a1_0 
    where
        a1_0.id=?
2026-05-12T13:38:36.195+03:00  INFO 26507 --- [           main] com.classified.impl.AdRepositoryImpl     : Операция findById успешно выполнена. Сущность: Ad | Результат: present
]]></system-out>
  </testcase>
  <testcase name="shouldCheckAdExistsById" classname="com.classified.repository.AdRepositoryTest" time="0.013">
    <system-out><![CDATA[Hibernate: 
    insert 
    into
        role
        (name, id) 
    values
        (?, default)
Hibernate: 
    insert 
    into
        "user"
        (created_at, deleted, email, last_name, name, password, phone, role_id, updated_at, id) 
    values
        (?, ?, ?, ?, ?, ?, ?, ?, ?, default)
Hibernate: 
    insert 
    into
        "user"
        (created_at, deleted, email, last_name, name, password, phone, role_id, updated_at, id) 
    values
        (?, ?, ?, ?, ?, ?, ?, ?, ?, default)
Hibernate: 
    insert 
    into
        user_rating
        (rating, user_id) 
    values
        (?, ?)
Hibernate: 
    insert 
    into
        user_rating
        (rating, user_id) 
    values
        (?, ?)
Hibernate: 
    insert 
    into
        city
        (name, id) 
    values
        (?, default)
Hibernate: 
    insert 
    into
        address
        (city_id, created_at, user_id, id) 
    values
        (?, ?, ?, default)
Hibernate: 
    insert 
    into
        ad
        (ad_type_id, address_id, created_at, description, price, quantity, seller_id, status, title, updated_at, id) 
    values
        (?, ?, ?, ?, ?, ?, ?, ?, ?, ?, default)
Hibernate: 
    insert 
    into
        ad
        (ad_type_id, address_id, created_at, description, price, quantity, seller_id, status, title, updated_at, id) 
    values
        (?, ?, ?, ?, ?, ?, ?, ?, ?, ?, default)
Hibernate: 
    insert 
    into
        ad
        (ad_type_id, address_id, created_at, description, price, quantity, seller_id, status, title, updated_at, id) 
    values
        (?, ?, ?, ?, ?, ?, ?, ?, ?, ?, default)
Hibernate: 
    insert 
    into
        ad
        (ad_type_id, address_id, created_at, description, price, quantity, seller_id, status, title, updated_at, id) 
    values
        (?, ?, ?, ?, ?, ?, ?, ?, ?, ?, default)
2026-05-12T13:38:36.207+03:00  INFO 26507 --- [           main] com.classified.impl.AdRepositoryImpl     : Выполнение операции: existsById | Сущность: Ad | Контекст: [id=10]
2026-05-12T13:38:36.207+03:00  INFO 26507 --- [           main] com.classified.impl.AdRepositoryImpl     : Выполнение операции: findById | Сущность: Ad | Контекст: [id=10]
Hibernate: 
    select
        a1_0.id,
        a1_0.ad_type_id,
        a1_0.address_id,
        a1_0.created_at,
        a1_0.description,
        a1_0.price,
        a1_0.quantity,
        a1_0.seller_id,
        a1_0.status,
        a1_0.title,
        a1_0.updated_at 
    from
        ad a1_0 
    where
        a1_0.id=?
2026-05-12T13:38:36.208+03:00  INFO 26507 --- [           main] com.classified.impl.AdRepositoryImpl     : Операция findById успешно выполнена. Сущность: Ad | Результат: present
2026-05-12T13:38:36.208+03:00  INFO 26507 --- [           main] com.classified.impl.AdRepositoryImpl     : Операция existsById успешно выполнена. Сущность: Ad | Результат: true
2026-05-12T13:38:36.208+03:00  INFO 26507 --- [           main] com.classified.impl.AdRepositoryImpl     : Выполнение операции: existsById | Сущность: Ad | Контекст: [id=999]
2026-05-12T13:38:36.208+03:00  INFO 26507 --- [           main] com.classified.impl.AdRepositoryImpl     : Выполнение операции: findById | Сущность: Ad | Контекст: [id=999]
Hibernate: 
    select
        a1_0.id,
        a1_0.ad_type_id,
        a1_0.address_id,
        a1_0.created_at,
        a1_0.description,
        a1_0.price,
        a1_0.quantity,
        a1_0.seller_id,
        a1_0.status,
        a1_0.title,
        a1_0.updated_at 
    from
        ad a1_0 
    where
        a1_0.id=?
2026-05-12T13:38:36.208+03:00  INFO 26507 --- [           main] com.classified.impl.AdRepositoryImpl     : Операция findById успешно выполнена. Сущность: Ad | Результат: empty
2026-05-12T13:38:36.209+03:00  INFO 26507 --- [           main] com.classified.impl.AdRepositoryImpl     : Операция existsById успешно выполнена. Сущность: Ad | Результат: false
]]></system-out>
  </testcase>
  <testcase name="shouldSearchAdsBySellerId" classname="com.classified.repository.AdRepositoryTest" time="0.071">
    <system-out><![CDATA[Hibernate: 
    insert 
    into
        role
        (name, id) 
    values
        (?, default)
Hibernate: 
    insert 
    into
        "user"
        (created_at, deleted, email, last_name, name, password, phone, role_id, updated_at, id) 
    values
        (?, ?, ?, ?, ?, ?, ?, ?, ?, default)
Hibernate: 
    insert 
    into
        "user"
        (created_at, deleted, email, last_name, name, password, phone, role_id, updated_at, id) 
    values
        (?, ?, ?, ?, ?, ?, ?, ?, ?, default)
Hibernate: 
    insert 
    into
        user_rating
        (rating, user_id) 
    values
        (?, ?)
Hibernate: 
    insert 
    into
        user_rating
        (rating, user_id) 
    values
        (?, ?)
Hibernate: 
    insert 
    into
        city
        (name, id) 
    values
        (?, default)
Hibernate: 
    insert 
    into
        address
        (city_id, created_at, user_id, id) 
    values
        (?, ?, ?, default)
Hibernate: 
    insert 
    into
        ad
        (ad_type_id, address_id, created_at, description, price, quantity, seller_id, status, title, updated_at, id) 
    values
        (?, ?, ?, ?, ?, ?, ?, ?, ?, ?, default)
Hibernate: 
    insert 
    into
        ad
        (ad_type_id, address_id, created_at, description, price, quantity, seller_id, status, title, updated_at, id) 
    values
        (?, ?, ?, ?, ?, ?, ?, ?, ?, ?, default)
Hibernate: 
    insert 
    into
        ad
        (ad_type_id, address_id, created_at, description, price, quantity, seller_id, status, title, updated_at, id) 
    values
        (?, ?, ?, ?, ?, ?, ?, ?, ?, ?, default)
Hibernate: 
    insert 
    into
        ad
        (ad_type_id, address_id, created_at, description, price, quantity, seller_id, status, title, updated_at, id) 
    values
        (?, ?, ?, ?, ?, ?, ?, ?, ?, ?, default)
2026-05-12T13:38:36.221+03:00  INFO 26507 --- [           main] com.classified.impl.AdRepositoryImpl     : Выполнение операции: searchAds | Сущность: Ad | Контекст: [criteria=com.classified.dto.ad.AdSearchCriteria@50d507ab, pageable=com.classified.pagination.PagingRequest@460222eb]
Hibernate: 
    select
        a1_0.id,
        a1_0.ad_type_id,
        a1_0.address_id,
        a1_0.created_at,
        a1_0.description,
        a1_0.price,
        a1_0.quantity,
        a1_0.seller_id,
        a1_0.status,
        a1_0.title,
        a1_0.updated_at 
    from
        ad a1_0 
    left join
        "user" s1_0 
            on s1_0.id=a1_0.seller_id 
    where
        s1_0.id=? 
    order by
        a1_0.created_at desc 
    offset
        ? rows 
    fetch
        first ? rows only
Hibernate: 
    select
        count(a1_0.id) 
    from
        ad a1_0 
    left join
        "user" s1_0 
            on s1_0.id=a1_0.seller_id 
    where
        s1_0.id=?
2026-05-12T13:38:36.281+03:00  INFO 26507 --- [           main] com.classified.impl.AdRepositoryImpl     : Операция searchAds успешно выполнена. Сущность: Ad | Результат: PagedResult
]]></system-out>
  </testcase>
  <testcase name="shouldReturnEmptyResultForNoMatches" classname="com.classified.repository.AdRepositoryTest" time="0.027">
    <system-out><![CDATA[Hibernate: 
    insert 
    into
        role
        (name, id) 
    values
        (?, default)
Hibernate: 
    insert 
    into
        "user"
        (created_at, deleted, email, last_name, name, password, phone, role_id, updated_at, id) 
    values
        (?, ?, ?, ?, ?, ?, ?, ?, ?, default)
Hibernate: 
    insert 
    into
        "user"
        (created_at, deleted, email, last_name, name, password, phone, role_id, updated_at, id) 
    values
        (?, ?, ?, ?, ?, ?, ?, ?, ?, default)
Hibernate: 
    insert 
    into
        user_rating
        (rating, user_id) 
    values
        (?, ?)
Hibernate: 
    insert 
    into
        user_rating
        (rating, user_id) 
    values
        (?, ?)
Hibernate: 
    insert 
    into
        city
        (name, id) 
    values
        (?, default)
Hibernate: 
    insert 
    into
        address
        (city_id, created_at, user_id, id) 
    values
        (?, ?, ?, default)
Hibernate: 
    insert 
    into
        ad
        (ad_type_id, address_id, created_at, description, price, quantity, seller_id, status, title, updated_at, id) 
    values
        (?, ?, ?, ?, ?, ?, ?, ?, ?, ?, default)
Hibernate: 
    insert 
    into
        ad
        (ad_type_id, address_id, created_at, description, price, quantity, seller_id, status, title, updated_at, id) 
    values
        (?, ?, ?, ?, ?, ?, ?, ?, ?, ?, default)
Hibernate: 
    insert 
    into
        ad
        (ad_type_id, address_id, created_at, description, price, quantity, seller_id, status, title, updated_at, id) 
    values
        (?, ?, ?, ?, ?, ?, ?, ?, ?, ?, default)
Hibernate: 
    insert 
    into
        ad
        (ad_type_id, address_id, created_at, description, price, quantity, seller_id, status, title, updated_at, id) 
    values
        (?, ?, ?, ?, ?, ?, ?, ?, ?, ?, default)
2026-05-12T13:38:36.300+03:00  INFO 26507 --- [           main] com.classified.impl.AdRepositoryImpl     : Выполнение операции: searchAds | Сущность: Ad | Контекст: [criteria=com.classified.dto.ad.AdSearchCriteria@54c3b0dd, pageable=com.classified.pagination.PagingRequest@6c40ae2d]
Hibernate: 
    select
        a1_0.id,
        a1_0.ad_type_id,
        a1_0.address_id,
        a1_0.created_at,
        a1_0.description,
        a1_0.price,
        a1_0.quantity,
        a1_0.seller_id,
        a1_0.status,
        a1_0.title,
        a1_0.updated_at 
    from
        ad a1_0 
    where
        lower(a1_0.title) like ? escape '' 
    order by
        a1_0.created_at desc 
    offset
        ? rows 
    fetch
        first ? rows only
Hibernate: 
    select
        count(a1_0.id) 
    from
        ad a1_0 
    where
        lower(a1_0.title) like ? escape ''
2026-05-12T13:38:36.309+03:00  INFO 26507 --- [           main] com.classified.impl.AdRepositoryImpl     : Операция searchAds успешно выполнена. Сущность: Ad | Результат: PagedResult
]]></system-out>
  </testcase>
  <testcase name="shouldSearchAdsWithMultipleCriteria" classname="com.classified.repository.AdRepositoryTest" time="0.021">
    <system-out><![CDATA[Hibernate: 
    insert 
    into
        role
        (name, id) 
    values
        (?, default)
Hibernate: 
    insert 
    into
        "user"
        (created_at, deleted, email, last_name, name, password, phone, role_id, updated_at, id) 
    values
        (?, ?, ?, ?, ?, ?, ?, ?, ?, default)
Hibernate: 
    insert 
    into
        "user"
        (created_at, deleted, email, last_name, name, password, phone, role_id, updated_at, id) 
    values
        (?, ?, ?, ?, ?, ?, ?, ?, ?, default)
Hibernate: 
    insert 
    into
        user_rating
        (rating, user_id) 
    values
        (?, ?)
Hibernate: 
    insert 
    into
        user_rating
        (rating, user_id) 
    values
        (?, ?)
Hibernate: 
    insert 
    into
        city
        (name, id) 
    values
        (?, default)
Hibernate: 
    insert 
    into
        address
        (city_id, created_at, user_id, id) 
    values
        (?, ?, ?, default)
Hibernate: 
    insert 
    into
        ad
        (ad_type_id, address_id, created_at, description, price, quantity, seller_id, status, title, updated_at, id) 
    values
        (?, ?, ?, ?, ?, ?, ?, ?, ?, ?, default)
Hibernate: 
    insert 
    into
        ad
        (ad_type_id, address_id, created_at, description, price, quantity, seller_id, status, title, updated_at, id) 
    values
        (?, ?, ?, ?, ?, ?, ?, ?, ?, ?, default)
Hibernate: 
    insert 
    into
        ad
        (ad_type_id, address_id, created_at, description, price, quantity, seller_id, status, title, updated_at, id) 
    values
        (?, ?, ?, ?, ?, ?, ?, ?, ?, ?, default)
Hibernate: 
    insert 
    into
        ad
        (ad_type_id, address_id, created_at, description, price, quantity, seller_id, status, title, updated_at, id) 
    values
        (?, ?, ?, ?, ?, ?, ?, ?, ?, ?, default)
2026-05-12T13:38:36.323+03:00  INFO 26507 --- [           main] com.classified.impl.AdRepositoryImpl     : Выполнение операции: searchAds | Сущность: Ad | Контекст: [criteria=com.classified.dto.ad.AdSearchCriteria@150a201b, pageable=com.classified.pagination.PagingRequest@79228440]
Hibernate: 
    select
        a1_0.id,
        a1_0.ad_type_id,
        a1_0.address_id,
        a1_0.created_at,
        a1_0.description,
        a1_0.price,
        a1_0.quantity,
        a1_0.seller_id,
        a1_0.status,
        a1_0.title,
        a1_0.updated_at 
    from
        ad a1_0 
    where
        lower(a1_0.title) like ? escape '' 
        and a1_0.price>=? 
    order by
        a1_0.created_at desc 
    offset
        ? rows 
    fetch
        first ? rows only
Hibernate: 
    select
        count(a1_0.id) 
    from
        ad a1_0 
    where
        lower(a1_0.title) like ? escape '' 
        and a1_0.price>=?
2026-05-12T13:38:36.330+03:00  INFO 26507 --- [           main] com.classified.impl.AdRepositoryImpl     : Операция searchAds успешно выполнена. Сущность: Ad | Результат: PagedResult
]]></system-out>
  </testcase>
  <testcase name="shouldDeleteAd" classname="com.classified.repository.AdRepositoryTest" time="0.032">
    <system-out><![CDATA[Hibernate: 
    insert 
    into
        role
        (name, id) 
    values
        (?, default)
Hibernate: 
    insert 
    into
        "user"
        (created_at, deleted, email, last_name, name, password, phone, role_id, updated_at, id) 
    values
        (?, ?, ?, ?, ?, ?, ?, ?, ?, default)
Hibernate: 
    insert 
    into
        "user"
        (created_at, deleted, email, last_name, name, password, phone, role_id, updated_at, id) 
    values
        (?, ?, ?, ?, ?, ?, ?, ?, ?, default)
Hibernate: 
    insert 
    into
        user_rating
        (rating, user_id) 
    values
        (?, ?)
Hibernate: 
    insert 
    into
        user_rating
        (rating, user_id) 
    values
        (?, ?)
Hibernate: 
    insert 
    into
        city
        (name, id) 
    values
        (?, default)
Hibernate: 
    insert 
    into
        address
        (city_id, created_at, user_id, id) 
    values
        (?, ?, ?, default)
Hibernate: 
    insert 
    into
        ad
        (ad_type_id, address_id, created_at, description, price, quantity, seller_id, status, title, updated_at, id) 
    values
        (?, ?, ?, ?, ?, ?, ?, ?, ?, ?, default)
Hibernate: 
    insert 
    into
        ad
        (ad_type_id, address_id, created_at, description, price, quantity, seller_id, status, title, updated_at, id) 
    values
        (?, ?, ?, ?, ?, ?, ?, ?, ?, ?, default)
Hibernate: 
    insert 
    into
        ad
        (ad_type_id, address_id, created_at, description, price, quantity, seller_id, status, title, updated_at, id) 
    values
        (?, ?, ?, ?, ?, ?, ?, ?, ?, ?, default)
Hibernate: 
    insert 
    into
        ad
        (ad_type_id, address_id, created_at, description, price, quantity, seller_id, status, title, updated_at, id) 
    values
        (?, ?, ?, ?, ?, ?, ?, ?, ?, ?, default)
Hibernate: 
    select
        a1_0.id,
        a1_0.ad_type_id,
        a1_0.address_id,
        a1_0.created_at,
        a1_0.description,
        a1_0.price,
        a1_0.quantity,
        a1_0.seller_id,
        a1_0.status,
        a1_0.title,
        a1_0.updated_at 
    from
        ad a1_0 
    where
        a1_0.id=?
2026-05-12T13:38:36.344+03:00  INFO 26507 --- [           main] com.classified.impl.AdRepositoryImpl     : Выполнение операции: delete | Сущность: Ad | Контекст: [entity=com.classified.entity.Ad@22027e62]
Hibernate: 
    select
        i1_0.ad_id,
        i1_0.id,
        i1_0.created_at,
        i1_0.is_main,
        i1_0.url 
    from
        ad_image i1_0 
    where
        i1_0.ad_id=?
2026-05-12T13:38:36.348+03:00  INFO 26507 --- [           main] com.classified.impl.AdRepositoryImpl     : Операция delete успешно выполнена. Сущность: Ad | Контекст: [entity=com.classified.entity.Ad@22027e62]
Hibernate: 
    delete 
    from
        ad 
    where
        id=?
2026-05-12T13:38:36.353+03:00  INFO 26507 --- [           main] com.classified.impl.AdRepositoryImpl     : Выполнение операции: findById | Сущность: Ad | Контекст: [id=29]
Hibernate: 
    select
        a1_0.id,
        a1_0.ad_type_id,
        a1_0.address_id,
        a1_0.created_at,
        a1_0.description,
        a1_0.price,
        a1_0.quantity,
        a1_0.seller_id,
        a1_0.status,
        a1_0.title,
        a1_0.updated_at 
    from
        ad a1_0 
    where
        a1_0.id=?
2026-05-12T13:38:36.354+03:00  INFO 26507 --- [           main] com.classified.impl.AdRepositoryImpl     : Операция findById успешно выполнена. Сущность: Ad | Результат: empty
]]></system-out>
  </testcase>
  <testcase name="shouldReturnEmptyListForNonExistentSellerId" classname="com.classified.repository.AdRepositoryTest" time="0.143">
    <system-out><![CDATA[Hibernate: 
    insert 
    into
        role
        (name, id) 
    values
        (?, default)
Hibernate: 
    insert 
    into
        "user"
        (created_at, deleted, email, last_name, name, password, phone, role_id, updated_at, id) 
    values
        (?, ?, ?, ?, ?, ?, ?, ?, ?, default)
Hibernate: 
    insert 
    into
        "user"
        (created_at, deleted, email, last_name, name, password, phone, role_id, updated_at, id) 
    values
        (?, ?, ?, ?, ?, ?, ?, ?, ?, default)
Hibernate: 
    insert 
    into
        user_rating
        (rating, user_id) 
    values
        (?, ?)
Hibernate: 
    insert 
    into
        user_rating
        (rating, user_id) 
    values
        (?, ?)
Hibernate: 
    insert 
    into
        city
        (name, id) 
    values
        (?, default)
Hibernate: 
    insert 
    into
        address
        (city_id, created_at, user_id, id) 
    values
        (?, ?, ?, default)
Hibernate: 
    insert 
    into
        ad
        (ad_type_id, address_id, created_at, description, price, quantity, seller_id, status, title, updated_at, id) 
    values
        (?, ?, ?, ?, ?, ?, ?, ?, ?, ?, default)
Hibernate: 
    insert 
    into
        ad
        (ad_type_id, address_id, created_at, description, price, quantity, seller_id, status, title, updated_at, id) 
    values
        (?, ?, ?, ?, ?, ?, ?, ?, ?, ?, default)
Hibernate: 
    insert 
    into
        ad
        (ad_type_id, address_id, created_at, description, price, quantity, seller_id, status, title, updated_at, id) 
    values
        (?, ?, ?, ?, ?, ?, ?, ?, ?, ?, default)
Hibernate: 
    insert 
    into
        ad
        (ad_type_id, address_id, created_at, description, price, quantity, seller_id, status, title, updated_at, id) 
    values
        (?, ?, ?, ?, ?, ?, ?, ?, ?, ?, default)
2026-05-12T13:38:36.376+03:00  INFO 26507 --- [           main] com.classified.impl.AdRepositoryImpl     : Выполнение операции: findBySellerId | Сущность: Ad | Контекст: [sellerId=999]
Hibernate: 
    select
        a1_0.id,
        a1_0.ad_type_id,
        a1_0.address_id,
        a1_0.created_at,
        a1_0.description,
        a1_0.price,
        a1_0.quantity,
        a1_0.seller_id,
        a1_0.status,
        a1_0.title,
        a1_0.updated_at 
    from
        ad a1_0 
    where
        a1_0.seller_id=?
2026-05-12T13:38:36.507+03:00  INFO 26507 --- [           main] com.classified.impl.AdRepositoryImpl     : Операция findBySellerId успешно выполнена. Сущность: Ad | Результат: ArrayList
]]></system-out>
  </testcase>
  <testcase name="shouldSearchAdsWithPagination" classname="com.classified.repository.AdRepositoryTest" time="0.015">
    <system-out><![CDATA[Hibernate: 
    insert 
    into
        role
        (name, id) 
    values
        (?, default)
Hibernate: 
    insert 
    into
        "user"
        (created_at, deleted, email, last_name, name, password, phone, role_id, updated_at, id) 
    values
        (?, ?, ?, ?, ?, ?, ?, ?, ?, default)
Hibernate: 
    insert 
    into
        "user"
        (created_at, deleted, email, last_name, name, password, phone, role_id, updated_at, id) 
    values
        (?, ?, ?, ?, ?, ?, ?, ?, ?, default)
Hibernate: 
    insert 
    into
        user_rating
        (rating, user_id) 
    values
        (?, ?)
Hibernate: 
    insert 
    into
        user_rating
        (rating, user_id) 
    values
        (?, ?)
Hibernate: 
    insert 
    into
        city
        (name, id) 
    values
        (?, default)
Hibernate: 
    insert 
    into
        address
        (city_id, created_at, user_id, id) 
    values
        (?, ?, ?, default)
Hibernate: 
    insert 
    into
        ad
        (ad_type_id, address_id, created_at, description, price, quantity, seller_id, status, title, updated_at, id) 
    values
        (?, ?, ?, ?, ?, ?, ?, ?, ?, ?, default)
Hibernate: 
    insert 
    into
        ad
        (ad_type_id, address_id, created_at, description, price, quantity, seller_id, status, title, updated_at, id) 
    values
        (?, ?, ?, ?, ?, ?, ?, ?, ?, ?, default)
Hibernate: 
    insert 
    into
        ad
        (ad_type_id, address_id, created_at, description, price, quantity, seller_id, status, title, updated_at, id) 
    values
        (?, ?, ?, ?, ?, ?, ?, ?, ?, ?, default)
Hibernate: 
    insert 
    into
        ad
        (ad_type_id, address_id, created_at, description, price, quantity, seller_id, status, title, updated_at, id) 
    values
        (?, ?, ?, ?, ?, ?, ?, ?, ?, ?, default)
2026-05-12T13:38:36.519+03:00  INFO 26507 --- [           main] com.classified.impl.AdRepositoryImpl     : Выполнение операции: searchAds | Сущность: Ad | Контекст: [criteria=com.classified.dto.ad.AdSearchCriteria@4ae730ca, pageable=com.classified.pagination.PagingRequest@62ceb371]
Hibernate: 
    select
        a1_0.id,
        a1_0.ad_type_id,
        a1_0.address_id,
        a1_0.created_at,
        a1_0.description,
        a1_0.price,
        a1_0.quantity,
        a1_0.seller_id,
        a1_0.status,
        a1_0.title,
        a1_0.updated_at 
    from
        ad a1_0 
    order by
        a1_0.created_at desc 
    offset
        ? rows 
    fetch
        first ? rows only
Hibernate: 
    select
        count(a1_0.id) 
    from
        ad a1_0
2026-05-12T13:38:36.523+03:00  INFO 26507 --- [           main] com.classified.impl.AdRepositoryImpl     : Операция searchAds успешно выполнена. Сущность: Ad | Результат: PagedResult
]]></system-out>
  </testcase>
  <testcase name="shouldUpdateAd" classname="com.classified.repository.AdRepositoryTest" time="0.02">
    <system-out><![CDATA[Hibernate: 
    insert 
    into
        role
        (name, id) 
    values
        (?, default)
Hibernate: 
    insert 
    into
        "user"
        (created_at, deleted, email, last_name, name, password, phone, role_id, updated_at, id) 
    values
        (?, ?, ?, ?, ?, ?, ?, ?, ?, default)
Hibernate: 
    insert 
    into
        "user"
        (created_at, deleted, email, last_name, name, password, phone, role_id, updated_at, id) 
    values
        (?, ?, ?, ?, ?, ?, ?, ?, ?, default)
Hibernate: 
    insert 
    into
        user_rating
        (rating, user_id) 
    values
        (?, ?)
Hibernate: 
    insert 
    into
        user_rating
        (rating, user_id) 
    values
        (?, ?)
Hibernate: 
    insert 
    into
        city
        (name, id) 
    values
        (?, default)
Hibernate: 
    insert 
    into
        address
        (city_id, created_at, user_id, id) 
    values
        (?, ?, ?, default)
Hibernate: 
    insert 
    into
        ad
        (ad_type_id, address_id, created_at, description, price, quantity, seller_id, status, title, updated_at, id) 
    values
        (?, ?, ?, ?, ?, ?, ?, ?, ?, ?, default)
Hibernate: 
    insert 
    into
        ad
        (ad_type_id, address_id, created_at, description, price, quantity, seller_id, status, title, updated_at, id) 
    values
        (?, ?, ?, ?, ?, ?, ?, ?, ?, ?, default)
Hibernate: 
    insert 
    into
        ad
        (ad_type_id, address_id, created_at, description, price, quantity, seller_id, status, title, updated_at, id) 
    values
        (?, ?, ?, ?, ?, ?, ?, ?, ?, ?, default)
Hibernate: 
    insert 
    into
        ad
        (ad_type_id, address_id, created_at, description, price, quantity, seller_id, status, title, updated_at, id) 
    values
        (?, ?, ?, ?, ?, ?, ?, ?, ?, ?, default)
Hibernate: 
    select
        a1_0.id,
        a1_0.ad_type_id,
        a1_0.address_id,
        a1_0.created_at,
        a1_0.description,
        a1_0.price,
        a1_0.quantity,
        a1_0.seller_id,
        a1_0.status,
        a1_0.title,
        a1_0.updated_at 
    from
        ad a1_0 
    where
        a1_0.id=?
2026-05-12T13:38:36.536+03:00  INFO 26507 --- [           main] com.classified.impl.AdRepositoryImpl     : Выполнение операции: update | Сущность: Ad | Контекст: [entity=com.classified.entity.Ad@7d97eeb4]
2026-05-12T13:38:36.538+03:00  INFO 26507 --- [           main] com.classified.impl.AdRepositoryImpl     : Операция update успешно выполнена. Сущность: Ad | Результат: Ad
Hibernate: 
    update
        ad 
    set
        ad_type_id=?,
        address_id=?,
        description=?,
        price=?,
        quantity=?,
        seller_id=?,
        status=?,
        title=?,
        updated_at=? 
    where
        id=?
2026-05-12T13:38:36.543+03:00  INFO 26507 --- [           main] com.classified.impl.AdRepositoryImpl     : Выполнение операции: findById | Сущность: Ad | Контекст: [id=38]
Hibernate: 
    select
        a1_0.id,
        a1_0.ad_type_id,
        a1_0.address_id,
        a1_0.created_at,
        a1_0.description,
        a1_0.price,
        a1_0.quantity,
        a1_0.seller_id,
        a1_0.status,
        a1_0.title,
        a1_0.updated_at 
    from
        ad a1_0 
    where
        a1_0.id=?
2026-05-12T13:38:36.544+03:00  INFO 26507 --- [           main] com.classified.impl.AdRepositoryImpl     : Операция findById успешно выполнена. Сущность: Ad | Результат: present
]]></system-out>
  </testcase>
  <testcase name="shouldFindAdsBySellerId" classname="com.classified.repository.AdRepositoryTest" time="0.013">
    <system-out><![CDATA[Hibernate: 
    insert 
    into
        role
        (name, id) 
    values
        (?, default)
Hibernate: 
    insert 
    into
        "user"
        (created_at, deleted, email, last_name, name, password, phone, role_id, updated_at, id) 
    values
        (?, ?, ?, ?, ?, ?, ?, ?, ?, default)
Hibernate: 
    insert 
    into
        "user"
        (created_at, deleted, email, last_name, name, password, phone, role_id, updated_at, id) 
    values
        (?, ?, ?, ?, ?, ?, ?, ?, ?, default)
Hibernate: 
    insert 
    into
        user_rating
        (rating, user_id) 
    values
        (?, ?)
Hibernate: 
    insert 
    into
        user_rating
        (rating, user_id) 
    values
        (?, ?)
Hibernate: 
    insert 
    into
        city
        (name, id) 
    values
        (?, default)
Hibernate: 
    insert 
    into
        address
        (city_id, created_at, user_id, id) 
    values
        (?, ?, ?, default)
Hibernate: 
    insert 
    into
        ad
        (ad_type_id, address_id, created_at, description, price, quantity, seller_id, status, title, updated_at, id) 
    values
        (?, ?, ?, ?, ?, ?, ?, ?, ?, ?, default)
Hibernate: 
    insert 
    into
        ad
        (ad_type_id, address_id, created_at, description, price, quantity, seller_id, status, title, updated_at, id) 
    values
        (?, ?, ?, ?, ?, ?, ?, ?, ?, ?, default)
Hibernate: 
    insert 
    into
        ad
        (ad_type_id, address_id, created_at, description, price, quantity, seller_id, status, title, updated_at, id) 
    values
        (?, ?, ?, ?, ?, ?, ?, ?, ?, ?, default)
Hibernate: 
    insert 
    into
        ad
        (ad_type_id, address_id, created_at, description, price, quantity, seller_id, status, title, updated_at, id) 
    values
        (?, ?, ?, ?, ?, ?, ?, ?, ?, ?, default)
2026-05-12T13:38:36.555+03:00  INFO 26507 --- [           main] com.classified.impl.AdRepositoryImpl     : Выполнение операции: findBySellerId | Сущность: Ad | Контекст: [sellerId=21]
Hibernate: 
    select
        a1_0.id,
        a1_0.ad_type_id,
        a1_0.address_id,
        a1_0.created_at,
        a1_0.description,
        a1_0.price,
        a1_0.quantity,
        a1_0.seller_id,
        a1_0.status,
        a1_0.title,
        a1_0.updated_at 
    from
        ad a1_0 
    where
        a1_0.seller_id=?
2026-05-12T13:38:36.557+03:00  INFO 26507 --- [           main] com.classified.impl.AdRepositoryImpl     : Операция findBySellerId успешно выполнена. Сущность: Ad | Результат: ArrayList
]]></system-out>
  </testcase>
  <testcase name="shouldSearchAdsByStatus" classname="com.classified.repository.AdRepositoryTest" time="0.013">
    <system-out><![CDATA[Hibernate: 
    insert 
    into
        role
        (name, id) 
    values
        (?, default)
Hibernate: 
    insert 
    into
        "user"
        (created_at, deleted, email, last_name, name, password, phone, role_id, updated_at, id) 
    values
        (?, ?, ?, ?, ?, ?, ?, ?, ?, default)
Hibernate: 
    insert 
    into
        "user"
        (created_at, deleted, email, last_name, name, password, phone, role_id, updated_at, id) 
    values
        (?, ?, ?, ?, ?, ?, ?, ?, ?, default)
Hibernate: 
    insert 
    into
        user_rating
        (rating, user_id) 
    values
        (?, ?)
Hibernate: 
    insert 
    into
        user_rating
        (rating, user_id) 
    values
        (?, ?)
Hibernate: 
    insert 
    into
        city
        (name, id) 
    values
        (?, default)
Hibernate: 
    insert 
    into
        address
        (city_id, created_at, user_id, id) 
    values
        (?, ?, ?, default)
Hibernate: 
    insert 
    into
        ad
        (ad_type_id, address_id, created_at, description, price, quantity, seller_id, status, title, updated_at, id) 
    values
        (?, ?, ?, ?, ?, ?, ?, ?, ?, ?, default)
Hibernate: 
    insert 
    into
        ad
        (ad_type_id, address_id, created_at, description, price, quantity, seller_id, status, title, updated_at, id) 
    values
        (?, ?, ?, ?, ?, ?, ?, ?, ?, ?, default)
Hibernate: 
    insert 
    into
        ad
        (ad_type_id, address_id, created_at, description, price, quantity, seller_id, status, title, updated_at, id) 
    values
        (?, ?, ?, ?, ?, ?, ?, ?, ?, ?, default)
Hibernate: 
    insert 
    into
        ad
        (ad_type_id, address_id, created_at, description, price, quantity, seller_id, status, title, updated_at, id) 
    values
        (?, ?, ?, ?, ?, ?, ?, ?, ?, ?, default)
2026-05-12T13:38:36.568+03:00  INFO 26507 --- [           main] com.classified.impl.AdRepositoryImpl     : Выполнение операции: searchAds | Сущность: Ad | Контекст: [criteria=com.classified.dto.ad.AdSearchCriteria@2895e02b, pageable=com.classified.pagination.PagingRequest@66403e2c]
Hibernate: 
    select
        a1_0.id,
        a1_0.ad_type_id,
        a1_0.address_id,
        a1_0.created_at,
        a1_0.description,
        a1_0.price,
        a1_0.quantity,
        a1_0.seller_id,
        a1_0.status,
        a1_0.title,
        a1_0.updated_at 
    from
        ad a1_0 
    where
        a1_0.status=? 
    order by
        a1_0.created_at desc 
    offset
        ? rows 
    fetch
        first ? rows only
Hibernate: 
    select
        count(a1_0.id) 
    from
        ad a1_0 
    where
        a1_0.status=?
2026-05-12T13:38:36.572+03:00  INFO 26507 --- [           main] com.classified.impl.AdRepositoryImpl     : Операция searchAds успешно выполнена. Сущность: Ad | Результат: PagedResult
]]></system-out>
  </testcase>
  <testcase name="shouldSearchAdsByMinSellerRating" classname="com.classified.repository.AdRepositoryTest" time="0.018">
    <system-out><![CDATA[Hibernate: 
    insert 
    into
        role
        (name, id) 
    values
        (?, default)
Hibernate: 
    insert 
    into
        "user"
        (created_at, deleted, email, last_name, name, password, phone, role_id, updated_at, id) 
    values
        (?, ?, ?, ?, ?, ?, ?, ?, ?, default)
Hibernate: 
    insert 
    into
        "user"
        (created_at, deleted, email, last_name, name, password, phone, role_id, updated_at, id) 
    values
        (?, ?, ?, ?, ?, ?, ?, ?, ?, default)
Hibernate: 
    insert 
    into
        user_rating
        (rating, user_id) 
    values
        (?, ?)
Hibernate: 
    insert 
    into
        user_rating
        (rating, user_id) 
    values
        (?, ?)
Hibernate: 
    insert 
    into
        city
        (name, id) 
    values
        (?, default)
Hibernate: 
    insert 
    into
        address
        (city_id, created_at, user_id, id) 
    values
        (?, ?, ?, default)
Hibernate: 
    insert 
    into
        ad
        (ad_type_id, address_id, created_at, description, price, quantity, seller_id, status, title, updated_at, id) 
    values
        (?, ?, ?, ?, ?, ?, ?, ?, ?, ?, default)
Hibernate: 
    insert 
    into
        ad
        (ad_type_id, address_id, created_at, description, price, quantity, seller_id, status, title, updated_at, id) 
    values
        (?, ?, ?, ?, ?, ?, ?, ?, ?, ?, default)
Hibernate: 
    insert 
    into
        ad
        (ad_type_id, address_id, created_at, description, price, quantity, seller_id, status, title, updated_at, id) 
    values
        (?, ?, ?, ?, ?, ?, ?, ?, ?, ?, default)
Hibernate: 
    insert 
    into
        ad
        (ad_type_id, address_id, created_at, description, price, quantity, seller_id, status, title, updated_at, id) 
    values
        (?, ?, ?, ?, ?, ?, ?, ?, ?, ?, default)
2026-05-12T13:38:36.585+03:00  INFO 26507 --- [           main] com.classified.impl.AdRepositoryImpl     : Выполнение операции: searchAds | Сущность: Ad | Контекст: [criteria=com.classified.dto.ad.AdSearchCriteria@3531c23a, pageable=com.classified.pagination.PagingRequest@1bf6d24a]
Hibernate: 
    select
        a1_0.id,
        a1_0.ad_type_id,
        a1_0.address_id,
        a1_0.created_at,
        a1_0.description,
        a1_0.price,
        a1_0.quantity,
        a1_0.seller_id,
        a1_0.status,
        a1_0.title,
        a1_0.updated_at 
    from
        ad a1_0 
    left join
        "user" s1_0 
            on s1_0.id=a1_0.seller_id 
    left join
        user_rating ur1_0 
            on s1_0.id=ur1_0.user_id 
    where
        ur1_0.rating>=? 
    order by
        a1_0.created_at desc 
    offset
        ? rows 
    fetch
        first ? rows only
Hibernate: 
    select
        count(a1_0.id) 
    from
        ad a1_0 
    left join
        "user" s1_0 
            on s1_0.id=a1_0.seller_id 
    left join
        user_rating ur1_0 
            on s1_0.id=ur1_0.user_id 
    where
        ur1_0.rating>=?
2026-05-12T13:38:36.591+03:00  INFO 26507 --- [           main] com.classified.impl.AdRepositoryImpl     : Операция searchAds успешно выполнена. Сущность: Ad | Результат: PagedResult
]]></system-out>
  </testcase>
  <testcase name="shouldSearchAdsWithSortingByPriceAsc" classname="com.classified.repository.AdRepositoryTest" time="0.02">
    <system-out><![CDATA[Hibernate: 
    insert 
    into
        role
        (name, id) 
    values
        (?, default)
Hibernate: 
    insert 
    into
        "user"
        (created_at, deleted, email, last_name, name, password, phone, role_id, updated_at, id) 
    values
        (?, ?, ?, ?, ?, ?, ?, ?, ?, default)
Hibernate: 
    insert 
    into
        "user"
        (created_at, deleted, email, last_name, name, password, phone, role_id, updated_at, id) 
    values
        (?, ?, ?, ?, ?, ?, ?, ?, ?, default)
Hibernate: 
    insert 
    into
        user_rating
        (rating, user_id) 
    values
        (?, ?)
Hibernate: 
    insert 
    into
        user_rating
        (rating, user_id) 
    values
        (?, ?)
Hibernate: 
    insert 
    into
        city
        (name, id) 
    values
        (?, default)
Hibernate: 
    insert 
    into
        address
        (city_id, created_at, user_id, id) 
    values
        (?, ?, ?, default)
Hibernate: 
    insert 
    into
        ad
        (ad_type_id, address_id, created_at, description, price, quantity, seller_id, status, title, updated_at, id) 
    values
        (?, ?, ?, ?, ?, ?, ?, ?, ?, ?, default)
Hibernate: 
    insert 
    into
        ad
        (ad_type_id, address_id, created_at, description, price, quantity, seller_id, status, title, updated_at, id) 
    values
        (?, ?, ?, ?, ?, ?, ?, ?, ?, ?, default)
Hibernate: 
    insert 
    into
        ad
        (ad_type_id, address_id, created_at, description, price, quantity, seller_id, status, title, updated_at, id) 
    values
        (?, ?, ?, ?, ?, ?, ?, ?, ?, ?, default)
Hibernate: 
    insert 
    into
        ad
        (ad_type_id, address_id, created_at, description, price, quantity, seller_id, status, title, updated_at, id) 
    values
        (?, ?, ?, ?, ?, ?, ?, ?, ?, ?, default)
2026-05-12T13:38:36.602+03:00  INFO 26507 --- [           main] com.classified.impl.AdRepositoryImpl     : Выполнение операции: searchAds | Сущность: Ad | Контекст: [criteria=com.classified.dto.ad.AdSearchCriteria@e2cf713, pageable=com.classified.pagination.PagingRequest@32fc8a41]
Hibernate: 
    select
        a1_0.id,
        a1_0.ad_type_id,
        a1_0.address_id,
        a1_0.created_at,
        a1_0.description,
        a1_0.price,
        a1_0.quantity,
        a1_0.seller_id,
        a1_0.status,
        a1_0.title,
        a1_0.updated_at 
    from
        ad a1_0 
    left join
        "user" s1_0 
            on s1_0.id=a1_0.seller_id 
    left join
        promotion p1_0 
            on a1_0.id=p1_0.ad_id 
            and p1_0.is_active 
            and p1_0.end_date>localtimestamp 
    order by
        case 
            when p1_0.id is not null 
                then ? 
            else ? 
    end,
    a1_0.price 
offset
    ? rows 
fetch
    first ? rows only
Hibernate: 
    select
        count(a1_0.id) 
    from
        ad a1_0
2026-05-12T13:38:36.612+03:00  INFO 26507 --- [           main] com.classified.impl.AdRepositoryImpl     : Операция searchAds успешно выполнена. Сущность: Ad | Результат: PagedResult
]]></system-out>
  </testcase>
  <testcase name="shouldSearchAdsByPriceRange" classname="com.classified.repository.AdRepositoryTest" time="0.012">
    <system-out><![CDATA[Hibernate: 
    insert 
    into
        role
        (name, id) 
    values
        (?, default)
Hibernate: 
    insert 
    into
        "user"
        (created_at, deleted, email, last_name, name, password, phone, role_id, updated_at, id) 
    values
        (?, ?, ?, ?, ?, ?, ?, ?, ?, default)
Hibernate: 
    insert 
    into
        "user"
        (created_at, deleted, email, last_name, name, password, phone, role_id, updated_at, id) 
    values
        (?, ?, ?, ?, ?, ?, ?, ?, ?, default)
Hibernate: 
    insert 
    into
        user_rating
        (rating, user_id) 
    values
        (?, ?)
Hibernate: 
    insert 
    into
        user_rating
        (rating, user_id) 
    values
        (?, ?)
Hibernate: 
    insert 
    into
        city
        (name, id) 
    values
        (?, default)
Hibernate: 
    insert 
    into
        address
        (city_id, created_at, user_id, id) 
    values
        (?, ?, ?, default)
Hibernate: 
    insert 
    into
        ad
        (ad_type_id, address_id, created_at, description, price, quantity, seller_id, status, title, updated_at, id) 
    values
        (?, ?, ?, ?, ?, ?, ?, ?, ?, ?, default)
Hibernate: 
    insert 
    into
        ad
        (ad_type_id, address_id, created_at, description, price, quantity, seller_id, status, title, updated_at, id) 
    values
        (?, ?, ?, ?, ?, ?, ?, ?, ?, ?, default)
Hibernate: 
    insert 
    into
        ad
        (ad_type_id, address_id, created_at, description, price, quantity, seller_id, status, title, updated_at, id) 
    values
        (?, ?, ?, ?, ?, ?, ?, ?, ?, ?, default)
Hibernate: 
    insert 
    into
        ad
        (ad_type_id, address_id, created_at, description, price, quantity, seller_id, status, title, updated_at, id) 
    values
        (?, ?, ?, ?, ?, ?, ?, ?, ?, ?, default)
2026-05-12T13:38:36.621+03:00  INFO 26507 --- [           main] com.classified.impl.AdRepositoryImpl     : Выполнение операции: searchAds | Сущность: Ad | Контекст: [criteria=com.classified.dto.ad.AdSearchCriteria@5bf9c995, pageable=com.classified.pagination.PagingRequest@3200f6e5]
Hibernate: 
    select
        a1_0.id,
        a1_0.ad_type_id,
        a1_0.address_id,
        a1_0.created_at,
        a1_0.description,
        a1_0.price,
        a1_0.quantity,
        a1_0.seller_id,
        a1_0.status,
        a1_0.title,
        a1_0.updated_at 
    from
        ad a1_0 
    where
        a1_0.price>=? 
        and a1_0.price<=? 
    order by
        a1_0.created_at desc 
    offset
        ? rows 
    fetch
        first ? rows only
Hibernate: 
    select
        count(a1_0.id) 
    from
        ad a1_0 
    where
        a1_0.price>=? 
        and a1_0.price<=?
2026-05-12T13:38:36.625+03:00  INFO 26507 --- [           main] com.classified.impl.AdRepositoryImpl     : Операция searchAds успешно выполнена. Сущность: Ad | Результат: PagedResult
]]></system-out>
  </testcase>
  <testcase name="shouldSearchAdsByTitle" classname="com.classified.repository.AdRepositoryTest" time="0.012">
    <system-out><![CDATA[Hibernate: 
    insert 
    into
        role
        (name, id) 
    values
        (?, default)
Hibernate: 
    insert 
    into
        "user"
        (created_at, deleted, email, last_name, name, password, phone, role_id, updated_at, id) 
    values
        (?, ?, ?, ?, ?, ?, ?, ?, ?, default)
Hibernate: 
    insert 
    into
        "user"
        (created_at, deleted, email, last_name, name, password, phone, role_id, updated_at, id) 
    values
        (?, ?, ?, ?, ?, ?, ?, ?, ?, default)
Hibernate: 
    insert 
    into
        user_rating
        (rating, user_id) 
    values
        (?, ?)
Hibernate: 
    insert 
    into
        user_rating
        (rating, user_id) 
    values
        (?, ?)
Hibernate: 
    insert 
    into
        city
        (name, id) 
    values
        (?, default)
Hibernate: 
    insert 
    into
        address
        (city_id, created_at, user_id, id) 
    values
        (?, ?, ?, default)
Hibernate: 
    insert 
    into
        ad
        (ad_type_id, address_id, created_at, description, price, quantity, seller_id, status, title, updated_at, id) 
    values
        (?, ?, ?, ?, ?, ?, ?, ?, ?, ?, default)
Hibernate: 
    insert 
    into
        ad
        (ad_type_id, address_id, created_at, description, price, quantity, seller_id, status, title, updated_at, id) 
    values
        (?, ?, ?, ?, ?, ?, ?, ?, ?, ?, default)
Hibernate: 
    insert 
    into
        ad
        (ad_type_id, address_id, created_at, description, price, quantity, seller_id, status, title, updated_at, id) 
    values
        (?, ?, ?, ?, ?, ?, ?, ?, ?, ?, default)
Hibernate: 
    insert 
    into
        ad
        (ad_type_id, address_id, created_at, description, price, quantity, seller_id, status, title, updated_at, id) 
    values
        (?, ?, ?, ?, ?, ?, ?, ?, ?, ?, default)
2026-05-12T13:38:36.634+03:00  INFO 26507 --- [           main] com.classified.impl.AdRepositoryImpl     : Выполнение операции: searchAds | Сущность: Ad | Контекст: [criteria=com.classified.dto.ad.AdSearchCriteria@753aacf, pageable=com.classified.pagination.PagingRequest@19b656b0]
Hibernate: 
    select
        a1_0.id,
        a1_0.ad_type_id,
        a1_0.address_id,
        a1_0.created_at,
        a1_0.description,
        a1_0.price,
        a1_0.quantity,
        a1_0.seller_id,
        a1_0.status,
        a1_0.title,
        a1_0.updated_at 
    from
        ad a1_0 
    where
        lower(a1_0.title) like ? escape '' 
    order by
        a1_0.created_at desc 
    offset
        ? rows 
    fetch
        first ? rows only
Hibernate: 
    select
        count(a1_0.id) 
    from
        ad a1_0 
    where
        lower(a1_0.title) like ? escape ''
2026-05-12T13:38:36.638+03:00  INFO 26507 --- [           main] com.classified.impl.AdRepositoryImpl     : Операция searchAds успешно выполнена. Сущность: Ad | Результат: PagedResult
]]></system-out>
  </testcase>
  <testcase name="shouldSearchAdsWithSortingByPriceDesc" classname="com.classified.repository.AdRepositoryTest" time="0.013">
    <system-out><![CDATA[Hibernate: 
    insert 
    into
        role
        (name, id) 
    values
        (?, default)
Hibernate: 
    insert 
    into
        "user"
        (created_at, deleted, email, last_name, name, password, phone, role_id, updated_at, id) 
    values
        (?, ?, ?, ?, ?, ?, ?, ?, ?, default)
Hibernate: 
    insert 
    into
        "user"
        (created_at, deleted, email, last_name, name, password, phone, role_id, updated_at, id) 
    values
        (?, ?, ?, ?, ?, ?, ?, ?, ?, default)
Hibernate: 
    insert 
    into
        user_rating
        (rating, user_id) 
    values
        (?, ?)
Hibernate: 
    insert 
    into
        user_rating
        (rating, user_id) 
    values
        (?, ?)
Hibernate: 
    insert 
    into
        city
        (name, id) 
    values
        (?, default)
Hibernate: 
    insert 
    into
        address
        (city_id, created_at, user_id, id) 
    values
        (?, ?, ?, default)
Hibernate: 
    insert 
    into
        ad
        (ad_type_id, address_id, created_at, description, price, quantity, seller_id, status, title, updated_at, id) 
    values
        (?, ?, ?, ?, ?, ?, ?, ?, ?, ?, default)
Hibernate: 
    insert 
    into
        ad
        (ad_type_id, address_id, created_at, description, price, quantity, seller_id, status, title, updated_at, id) 
    values
        (?, ?, ?, ?, ?, ?, ?, ?, ?, ?, default)
Hibernate: 
    insert 
    into
        ad
        (ad_type_id, address_id, created_at, description, price, quantity, seller_id, status, title, updated_at, id) 
    values
        (?, ?, ?, ?, ?, ?, ?, ?, ?, ?, default)
Hibernate: 
    insert 
    into
        ad
        (ad_type_id, address_id, created_at, description, price, quantity, seller_id, status, title, updated_at, id) 
    values
        (?, ?, ?, ?, ?, ?, ?, ?, ?, ?, default)
2026-05-12T13:38:36.647+03:00  INFO 26507 --- [           main] com.classified.impl.AdRepositoryImpl     : Выполнение операции: searchAds | Сущность: Ad | Контекст: [criteria=com.classified.dto.ad.AdSearchCriteria@61e4cf9b, pageable=com.classified.pagination.PagingRequest@262d72a]
Hibernate: 
    select
        a1_0.id,
        a1_0.ad_type_id,
        a1_0.address_id,
        a1_0.created_at,
        a1_0.description,
        a1_0.price,
        a1_0.quantity,
        a1_0.seller_id,
        a1_0.status,
        a1_0.title,
        a1_0.updated_at 
    from
        ad a1_0 
    left join
        "user" s1_0 
            on s1_0.id=a1_0.seller_id 
    left join
        promotion p1_0 
            on a1_0.id=p1_0.ad_id 
            and p1_0.is_active 
            and p1_0.end_date>localtimestamp 
    order by
        case 
            when p1_0.id is not null 
                then ? 
            else ? 
    end,
    a1_0.price desc 
offset
    ? rows 
fetch
    first ? rows only
Hibernate: 
    select
        count(a1_0.id) 
    from
        ad a1_0
2026-05-12T13:38:36.651+03:00  INFO 26507 --- [           main] com.classified.impl.AdRepositoryImpl     : Операция searchAds успешно выполнена. Сущность: Ad | Результат: PagedResult
]]></system-out>
  </testcase>
</testsuite>