<?xml version="1.0" encoding="UTF-8"?>
<testsuite xmlns:xsi="http://www.w3.org/2001/XMLSchema-instance" xsi:noNamespaceSchemaLocation="https://maven.apache.org/surefire/maven-surefire-plugin/xsd/surefire-test-report-3.0.xsd" version="3.0" name="com.classified.service.UserServiceTest" time="0.056" tests="12" errors="0" skipped="0" failures="0">
  <properties>
[...]
</properties>
  <testcase name="shouldThrowExceptionWhenUserNotFound" classname="com.classified.service.UserServiceTest" time="0.03">
    <system-out><![CDATA[13:38:33.608 [main] WARN com.classified.service.UserService -- Пользователь с id=999 не найден
]]></system-out>
  </testcase>
  <testcase name="shouldGetProfile" classname="com.classified.service.UserServiceTest" time="0.001"/>
  <testcase name="shouldGetUserStatistics" classname="com.classified.service.UserServiceTest" time="0.002"/>
  <testcase name="shouldGetUserRating" classname="com.classified.service.UserServiceTest" time="0.001"/>
  <testcase name="shouldCreateAdmin" classname="com.classified.service.UserServiceTest" time="0.002">
    <system-out><![CDATA[13:38:33.614 [main] INFO com.classified.service.UserService -- Создание администратора: email=john@example.com
13:38:33.615 [main] INFO com.classified.service.UserService -- Администратор создан: id=1, email=john@example.com
]]></system-out>
  </testcase>
  <testcase name="shouldThrowExceptionWhenNewPasswordEqualsOld" classname="com.classified.service.UserServiceTest" time="0.001">
    <system-out><![CDATA[13:38:33.617 [main] INFO com.classified.service.UserService -- Смена пароля для пользователя id=1
13:38:33.617 [main] WARN com.classified.service.UserService -- Попытка сменить пароль на идентичный для userId=1
]]></system-out>
  </testcase>
  <testcase name="shouldRegisterNewUser" classname="com.classified.service.UserServiceTest" time="0.003">
    <system-out><![CDATA[13:38:33.619 [main] INFO com.classified.service.UserService -- Регистрация нового пользователя: email=john@example.com
13:38:33.620 [main] INFO com.classified.service.UserService -- Пользователь зарегистрирован: id=1, email=john@example.com, роль=ROLE_USER
]]></system-out>
  </testcase>
  <testcase name="shouldThrowExceptionWhenPhoneAlreadyExists" classname="com.classified.service.UserServiceTest" time="0.003">
    <system-out><![CDATA[13:38:33.623 [main] INFO com.classified.service.UserService -- Регистрация нового пользователя: email=john@example.com
13:38:33.623 [main] WARN com.classified.service.UserService -- Телефон уже занят: +79161234567
]]></system-out>
  </testcase>
  <testcase name="shouldUpdateProfile" classname="com.classified.service.UserServiceTest" time="0.002">
    <system-out><![CDATA[13:38:33.625 [main] INFO com.classified.service.UserService -- Обновление профиля пользователя id=1
13:38:33.626 [main] INFO com.classified.service.UserService -- Профиль пользователя id=1 обновлён
]]></system-out>
  </testcase>
  <testcase name="shouldThrowExceptionWhenEmailAlreadyExists" classname="com.classified.service.UserServiceTest" time="0.002">
    <system-out><![CDATA[13:38:33.628 [main] INFO com.classified.service.UserService -- Регистрация нового пользователя: email=john@example.com
13:38:33.629 [main] WARN com.classified.service.UserService -- Email уже занят: john@example.com
]]></system-out>
  </testcase>
  <testcase name="shouldThrowExceptionWhenOldPasswordDoesNotMatch" classname="com.classified.service.UserServiceTest" time="0.002">
    <system-out><![CDATA[13:38:33.631 [main] INFO com.classified.service.UserService -- Смена пароля для пользователя id=1
13:38:33.631 [main] WARN com.classified.service.UserService -- Неверный текущий пароль для userId=1
]]></system-out>
  </testcase>
  <testcase name="shouldChangePasswordWhenOldPasswordMatches" classname="com.classified.service.UserServiceTest" time="0.002">
    <system-out><![CDATA[13:38:33.633 [main] INFO com.classified.service.UserService -- Смена пароля для пользователя id=1
13:38:33.633 [main] INFO com.classified.service.UserService -- Пароль изменён для пользователя id=1
]]></system-out>
  </testcase>
</testsuite>